
<dict>
	cocos2d.x.version: quick-cocos2d-x 2.2.5
	cocos2d.x.compiled_with_profiler: false
	cocos2d.x.compiled_with_gl_state_cache: true
	gl.vendor: NVIDIA Corporation
	gl.renderer: GeForce GTX 650/PCIe/SSE2
	gl.version: 4.4.0
	gl.max_texture_size: 16384
	gl.max_texture_units: 192
	gl.supports_PVRTC: false
	gl.supports_NPOT: true
	gl.supports_BGRA8888: false
	gl.supports_discard_framebuffer: false
	gl.supports_vertex_array_object: true
</dict>
lua_loadChunksFromZIP() - load zip file: E:\proj\ProjectS\PicaTownMobileClient\quick-cocos2d-x\lib\framework_precompiled\framework_precompiled.zip
lua_loadChunksFromZIP() - loaded chunks count: 108
------------------------------------------------
LOAD LUA FILE: E:/proj/QuickCocosPG/GUI_CocoStudio_ByCode/scripts/main.lua
------------------------------------------------
[0.4809] [INFO] 
[0.4814] [INFO] # DEBUG                        = 2
[0.4818] [INFO] #
[0.4824] [INFO] # device.platform              = windows
[0.4827] [INFO] # device.model                 = unknown
[0.4830] [INFO] # device.language              = cn
[0.4833] [INFO] # device.writablePath          = E:\proj\QuickCocosPG\GUI_CocoStudio_ByCode\
[0.4838] [INFO] # device.cachePath             = E:\proj\QuickCocosPG\GUI_CocoStudio_ByCode\
[0.4843] [INFO] # device.directorySeparator    = \
[0.4846] [INFO] # device.pathSeparator         = ;
[0.4848] [INFO] #
[0.4861] [INFO] # CONFIG_SCREEN_AUTOSCALE      = FIXED_HEIGHT
[0.4864] [INFO] # CONFIG_SCREEN_WIDTH          = 480.00
[0.4867] [INFO] # CONFIG_SCREEN_HEIGHT         = 320.00
[0.4870] [INFO] # display.widthInPixels        = 480.00
[0.4875] [INFO] # display.heightInPixels       = 320.00
[0.4881] [INFO] # display.contentScaleFactor   = 1.00
[0.4885] [INFO] # display.width                = 480.00
[0.4888] [INFO] # display.height               = 320.00
[0.4891] [INFO] # display.cx                   = 240.00
[0.4905] [INFO] # display.cy                   = 160.00
[0.4910] [INFO] # display.left                 = 0.00
[0.4915] [INFO] # display.right                = 480.00
[0.4919] [INFO] # display.top                  = 320.00
[0.4924] [INFO] # display.bottom               = 0.00
[0.4929] [INFO] # display.c_left               = -240.00
[0.4933] [INFO] # display.c_right              = 240.00
[0.4938] [INFO] # display.c_top                = 160.00
[0.4944] [INFO] # display.c_bottom             = -160.00
[0.4948] [INFO] #
