
<dict>
	cocos2d.x.version: quick-cocos2d-x 2.2.4
	cocos2d.x.compiled_with_profiler: false
	cocos2d.x.compiled_with_gl_state_cache: true
	gl.vendor: NVIDIA Corporation
	gl.renderer: GeForce GTX 650/PCIe/SSE2
	gl.version: 4.4.0
	gl.max_texture_size: 16384
	gl.max_texture_units: 192
	gl.supports_PVRTC: false
	gl.supports_NPOT: true
	gl.supports_BGRA8888: false
	gl.supports_discard_framebuffer: false
	gl.supports_vertex_array_object: true
</dict>
lua_loadChunksFromZIP() - load zip file: E:\proj\ProjectS\PicaTownMobileClient\quick-cocos2d-x\lib\framework_precompiled\framework_precompiled.zip
lua_loadChunksFromZIP() - loaded chunks count: 108
------------------------------------------------
LOAD LUA FILE: E:/proj/ProjectS/ProjectS/client/trunk/MailTest/scripts/main.lua
------------------------------------------------
[0.4239] [INFO] 
[0.4242] [INFO] # DEBUG                        = 2
[0.4245] [INFO] #
[0.4249] [INFO] # device.platform              = windows
[0.4251] [INFO] # device.model                 = unknown
[0.4260] [INFO] # device.language              = cn
[0.4266] [INFO] # device.writablePath          = E:\proj\ProjectS\ProjectS\client\trunk\MailTest\
[0.4271] [INFO] # device.cachePath             = E:\proj\ProjectS\ProjectS\client\trunk\MailTest\
[0.4278] [INFO] # device.directorySeparator    = \
[0.4281] [INFO] # device.pathSeparator         = ;
[0.4284] [INFO] #
[0.4299] [INFO] # CONFIG_SCREEN_AUTOSCALE      = FIXED_HEIGHT
[0.4303] [INFO] # CONFIG_SCREEN_WIDTH          = 960.00
[0.4306] [INFO] # CONFIG_SCREEN_HEIGHT         = 640.00
[0.4309] [INFO] # display.widthInPixels        = 960.00
[0.4312] [INFO] # display.heightInPixels       = 640.00
[0.4316] [INFO] # display.contentScaleFactor   = 1.00
[0.4319] [INFO] # display.width                = 960.00
[0.4322] [INFO] # display.height               = 640.00
[0.4325] [INFO] # display.cx                   = 480.00
[0.4328] [INFO] # display.cy                   = 320.00
[0.4331] [INFO] # display.left                 = 0.00
[0.4334] [INFO] # display.right                = 960.00
[0.4336] [INFO] # display.top                  = 640.00
[0.4339] [INFO] # display.bottom               = 0.00
[0.4342] [INFO] # display.c_left               = -480.00
[0.4346] [INFO] # display.c_right              = 480.00
[0.4349] [INFO] # display.c_top                = 320.00
[0.4352] [INFO] # display.c_bottom             = -320.00
[0.4355] [INFO] #
iversion 1500
file name == [gui_ccs/PanelTestMailNotice.json]
filename == PanelTestMailNotice.json
iversion 1500
Inner width <= scrollview width, it will be force sized!
Inner height <= scrollview height, it will be force sized!
file name == [gui_ccs/PanelMailBox.json]
filename == PanelMailBox.json
iversion 1500
Inner width <= scrollview width, it will be force sized!
Inner height <= scrollview height, it will be force sized!
file name == [gui_ccs/PanelMailBox.json]
filename == PanelMailBox.json
Inner height <= scrollview height, it will be force sized!
iversion 1500
file name == [gui_ccs/PanelMailContent.json]
filename == PanelMailContent.json
[2.9401] 显示邮件...
iversion 1500
Inner width <= scrollview width, it will be force sized!
Inner height <= scrollview height, it will be force sized!
file name == [gui_ccs/PanelMailBox.json]
filename == PanelMailBox.json
iversion 1500
Inner width <= scrollview width, it will be force sized!
Inner height <= scrollview height, it will be force sized!
file name == [gui_ccs/PanelMailBox.json]
filename == PanelMailBox.json
Inner height <= scrollview height, it will be force sized!
iversion 1500
file name == [gui_ccs/PanelMailContent.json]
filename == PanelMailContent.json
[721.2645] 显示邮件...
iversion 1500
file name == [gui_ccs/PanelMailDetail.json]
filename == PanelMailDetail.json
iversion 1500
Inner width <= scrollview width, it will be force sized!
Inner height <= scrollview height, it will be force sized!
file name == [gui_ccs/PanelMailBox.json]
filename == PanelMailBox.json
iversion 1500
Inner width <= scrollview width, it will be force sized!
Inner height <= scrollview height, it will be force sized!
file name == [gui_ccs/PanelMailBox.json]
filename == PanelMailBox.json
Inner height <= scrollview height, it will be force sized!
iversion 1500
file name == [gui_ccs/PanelTestMailNotice.json]
filename == PanelTestMailNotice.json
