
<dict>
	cocos2d.x.version: 2.2.3
	cocos2d.x.compiled_with_profiler: false
	cocos2d.x.compiled_with_gl_state_cache: true
	gl.vendor: NVIDIA Corporation
	gl.renderer: GeForce GTX 650/PCIe/SSE2
	gl.version: 4.4.0
	gl.max_texture_size: 16384
	gl.max_texture_units: 192
	gl.supports_PVRTC: false
	gl.supports_NPOT: true
	gl.supports_BGRA8888: false
	gl.supports_discard_framebuffer: false
	gl.supports_vertex_array_object: true
</dict>
lua_loadChunksFromZIP() - load zip file: E:\proj\ProjectS\PicaTownMobileClient\quick-cocos2d-x\lib\framework_precompiled\framework_precompiled.zip
lua_loadChunksFromZIP() - loaded chunks count: 108
------------------------------------------------
LOAD LUA FILE: E:/proj/veryfirstcocos/scripts/main.lua
------------------------------------------------
[5.9076] [INFO] 
[5.9080] [INFO] # DEBUG                        = 1
[5.9084] [INFO] #
[5.9089] [INFO] # device.platform              = windows
[5.9092] [INFO] # device.model                 = unknown
[5.9095] [INFO] # device.language              = cn
[5.9099] [INFO] # device.writablePath          = E:\proj\veryfirstcocos\
[5.9103] [INFO] # device.cachePath             = E:\proj\veryfirstcocos\
[5.9107] [INFO] # device.directorySeparator    = \
[5.9109] [INFO] # device.pathSeparator         = ;
[5.9114] [INFO] #
[5.9128] [INFO] # CONFIG_SCREEN_AUTOSCALE      = FIXED_HEIGHT
[5.9131] [INFO] # CONFIG_SCREEN_WIDTH          = 480.00
[5.9134] [INFO] # CONFIG_SCREEN_HEIGHT         = 320.00
[5.9137] [INFO] # display.widthInPixels        = 960.00
[5.9140] [INFO] # display.heightInPixels       = 640.00
[5.9143] [INFO] # display.contentScaleFactor   = 2.00
[5.9148] [INFO] # display.width                = 480.00
[5.9151] [INFO] # display.height               = 320.00
[5.9154] [INFO] # display.cx                   = 240.00
[5.9157] [INFO] # display.cy                   = 160.00
[5.9159] [INFO] # display.left                 = 0.00
[5.9162] [INFO] # display.right                = 480.00
[5.9166] [INFO] # display.top                  = 320.00
[5.9169] [INFO] # display.bottom               = 0.00
[5.9172] [INFO] # display.c_left               = -240.00
[5.9175] [INFO] # display.c_right              = 240.00
[5.9178] [INFO] # display.c_top                = 160.00
[5.9180] [INFO] # display.c_bottom             = -160.00
[5.9184] [INFO] #
