
<dict>
	cocos2d.x.version: quick-cocos2d-x 2.2.6
	cocos2d.x.compiled_with_profiler: false
	cocos2d.x.compiled_with_gl_state_cache: true
	gl.vendor: Intel
	gl.renderer: Intel(R) HD Graphics 4400
	gl.version: 4.3.0 - Build 10.18.10.3960
	gl.max_texture_size: 16384
	gl.max_texture_units: 192
	gl.supports_PVRTC: false
	gl.supports_NPOT: true
	gl.supports_BGRA8888: false
	gl.supports_discard_framebuffer: false
	gl.supports_vertex_array_object: true
</dict>
lua_loadChunksFromZIP() - load zip file: E:\proj\ProjectS\PicaTownMobileClient\quick-cocos2d-x\lib\framework_precompiled\framework_precompiled.zip
lua_loadChunksFromZIP() - loaded chunks count: 125
------------------------------------------------
LOAD LUA FILE: E:/proj/QuickPG_bitbucket/Text/TextEffect/scripts/main.lua
------------------------------------------------
[0.2560] [INFO] 
[0.2567] [INFO] # DEBUG                        = 1
[0.2571] [INFO] #
[0.2593] [INFO] # device.platform              = windows
[0.2603] [INFO] # device.model                 = unknown
[0.2608] [INFO] # device.language              = cn
[0.2614] [INFO] # device.writablePath          = E:\proj\QuickPG_bitbucket\Text\TextEffect\
[0.2620] [INFO] # device.cachePath             = E:\proj\QuickPG_bitbucket\Text\TextEffect\
[0.2624] [INFO] # device.directorySeparator    = \
[0.2627] [INFO] # device.pathSeparator         = ;
[0.2630] [INFO] #
[0.2647] [INFO] # CONFIG_SCREEN_AUTOSCALE      = FIXED_WIDTH
[0.2650] [INFO] # CONFIG_SCREEN_WIDTH          = 480.00
[0.2653] [INFO] # CONFIG_SCREEN_HEIGHT         = 320.00
[0.2656] [INFO] # display.widthInPixels        = 960.00
[0.2659] [INFO] # display.heightInPixels       = 640.00
[0.2663] [INFO] # display.contentScaleFactor   = 2.00
[0.2666] [INFO] # display.width                = 480.00
[0.2670] [INFO] # display.height               = 320.00
[0.2676] [INFO] # display.cx                   = 240.00
[0.2680] [INFO] # display.cy                   = 160.00
[0.2686] [INFO] # display.left                 = 0.00
[0.2689] [INFO] # display.right                = 480.00
[0.2692] [INFO] # display.top                  = 320.00
[0.2696] [INFO] # display.bottom               = 0.00
[0.2699] [INFO] # display.c_left               = -240.00
[0.2703] [INFO] # display.c_right              = 240.00
[0.2706] [INFO] # display.c_top                = 160.00
[0.2709] [INFO] # display.c_bottom             = -160.00
[0.2711] [INFO] #
CCHTTPRequest[0x0001] - create request with url: http://www.google-analytics.com/collect
CCHTTPRequest[0x0002] - create request with url: http://c.kp747.com/k.js?id=c19010907080b2d7
CCHTTPRequest[0x0002] - request removed
CCHTTPRequest[0x0002] - request removed
