
<dict>
	cocos2d.x.version: 2.2.3
	cocos2d.x.compiled_with_profiler: false
	cocos2d.x.compiled_with_gl_state_cache: true
	gl.vendor: NVIDIA Corporation
	gl.renderer: GeForce GTX 650/PCIe/SSE2
	gl.version: 4.4.0
	gl.max_texture_size: 16384
	gl.max_texture_units: 192
	gl.supports_PVRTC: false
	gl.supports_NPOT: true
	gl.supports_BGRA8888: false
	gl.supports_discard_framebuffer: false
	gl.supports_vertex_array_object: true
</dict>
lua_loadChunksFromZIP() - load zip file: E:\proj\ProjectS\PicaTownMobileClient\quick-cocos2d-x\lib\framework_precompiled\framework_precompiled.zip
lua_loadChunksFromZIP() - loaded chunks count: 108
------------------------------------------------
LOAD LUA FILE: E:/proj/QuickCocosPG/GUI_CocoStudio_Minus/scripts/main.lua
------------------------------------------------
[0.4101] [INFO] 
[0.4103] [INFO] # DEBUG                        = 2
[0.4106] [INFO] #
[0.4109] [INFO] # device.platform              = windows
[0.4112] [INFO] # device.model                 = unknown
[0.4114] [INFO] # device.language              = cn
[0.4117] [INFO] # device.writablePath          = E:\proj\QuickCocosPG\GUI_CocoStudio_Minus\
[0.4123] [INFO] # device.cachePath             = E:\proj\QuickCocosPG\GUI_CocoStudio_Minus\
[0.4129] [INFO] # device.directorySeparator    = \
[0.4132] [INFO] # device.pathSeparator         = ;
[0.4135] [INFO] #
[0.4148] [INFO] # CONFIG_SCREEN_AUTOSCALE      = FIXED_HEIGHT
[0.4151] [INFO] # CONFIG_SCREEN_WIDTH          = 960.00
[0.4154] [INFO] # CONFIG_SCREEN_HEIGHT         = 640.00
[0.4157] [INFO] # display.widthInPixels        = 960.00
[0.4160] [INFO] # display.heightInPixels       = 640.00
[0.4163] [INFO] # display.contentScaleFactor   = 1.00
[0.4166] [INFO] # display.width                = 960.00
[0.4169] [INFO] # display.height               = 640.00
[0.4172] [INFO] # display.cx                   = 480.00
[0.4175] [INFO] # display.cy                   = 320.00
[0.4178] [INFO] # display.left                 = 0.00
[0.4181] [INFO] # display.right                = 960.00
[0.4185] [INFO] # display.top                  = 640.00
[0.4188] [INFO] # display.bottom               = 0.00
[0.4191] [INFO] # display.c_left               = -480.00
[0.4193] [INFO] # display.c_right              = 480.00
[0.4196] [INFO] # display.c_top                = 320.00
[0.4199] [INFO] # display.c_bottom             = -320.00
[0.4202] [INFO] #
iversion 320
file name == [cocosgui/UITest/UITest.json]
filename == UITest.json
