
<dict>
	cocos2d.x.version: 2.2.3
	cocos2d.x.compiled_with_profiler: false
	cocos2d.x.compiled_with_gl_state_cache: true
	gl.vendor: NVIDIA Corporation
	gl.renderer: GeForce GTX 650/PCIe/SSE2
	gl.version: 4.4.0
	gl.max_texture_size: 16384
	gl.max_texture_units: 192
	gl.supports_PVRTC: false
	gl.supports_NPOT: true
	gl.supports_BGRA8888: false
	gl.supports_discard_framebuffer: false
	gl.supports_vertex_array_object: true
</dict>
lua_loadChunksFromZIP() - load zip file: E:\proj\ProjectS\PicaTownMobileClient\quick-cocos2d-x\lib\framework_precompiled\framework_precompiled.zip
lua_loadChunksFromZIP() - loaded chunks count: 108
------------------------------------------------
LOAD LUA FILE: E:/proj/QuickCocosPG/CommonGUI/scripts/main.lua
------------------------------------------------
[0.4334] [INFO] 
[0.4339] [INFO] # DEBUG                        = 1
[0.4344] [INFO] #
[0.4349] [INFO] # device.platform              = windows
[0.4351] [INFO] # device.model                 = unknown
[0.4355] [INFO] # device.language              = cn
[0.4358] [INFO] # device.writablePath          = E:\proj\QuickCocosPG\CommonGUI\
[0.4363] [INFO] # device.cachePath             = E:\proj\QuickCocosPG\CommonGUI\
[0.4367] [INFO] # device.directorySeparator    = \
[0.4370] [INFO] # device.pathSeparator         = ;
[0.4372] [INFO] #
[0.4389] [INFO] # CONFIG_SCREEN_AUTOSCALE      = FIXED_HEIGHT
[0.4392] [INFO] # CONFIG_SCREEN_WIDTH          = 480.00
[0.4396] [INFO] # CONFIG_SCREEN_HEIGHT         = 320.00
[0.4399] [INFO] # display.widthInPixels        = 480.00
[0.4402] [INFO] # display.heightInPixels       = 320.00
[0.4405] [INFO] # display.contentScaleFactor   = 1.00
[0.4408] [INFO] # display.width                = 480.00
[0.4411] [INFO] # display.height               = 320.00
[0.4414] [INFO] # display.cx                   = 240.00
[0.4417] [INFO] # display.cy                   = 160.00
[0.4420] [INFO] # display.left                 = 0.00
[0.4423] [INFO] # display.right                = 480.00
[0.4426] [INFO] # display.top                  = 320.00
[0.4429] [INFO] # display.bottom               = 0.00
[0.4432] [INFO] # display.c_left               = -240.00
[0.4434] [INFO] # display.c_right              = 240.00
[0.4437] [INFO] # display.c_top                = 160.00
[0.4440] [INFO] # display.c_bottom             = -160.00
[0.4443] [INFO] #
[LUA ERROR] load "E:/proj/QuickCocosPG/CommonGUI/scripts/app/scenes/ScrollGrid.lua", error: syntax error during pre-compilation.
[LUA ERROR] error loading module 'app.scenes.ScrollGrid' from file 'E:/proj/QuickCocosPG/CommonGUI/scripts/app\scenes\ScrollGrid.lua':
	E:/proj/QuickCocosPG/CommonGUI/scripts/app\scenes\ScrollGrid.lua:103: ')' expected near 'touch'
