
<dict>
	cocos2d.x.version: 2.2.3
	cocos2d.x.compiled_with_profiler: false
	cocos2d.x.compiled_with_gl_state_cache: true
	gl.vendor: NVIDIA Corporation
	gl.renderer: GeForce GTX 650/PCIe/SSE2
	gl.version: 4.4.0
	gl.max_texture_size: 16384
	gl.max_texture_units: 192
	gl.supports_PVRTC: false
	gl.supports_NPOT: true
	gl.supports_BGRA8888: false
	gl.supports_discard_framebuffer: false
	gl.supports_vertex_array_object: true
</dict>
lua_loadChunksFromZIP() - load zip file: E:\proj\ProjectS\PicaTownMobileClient\quick-cocos2d-x\lib\framework_precompiled\framework_precompiled.zip
lua_loadChunksFromZIP() - loaded chunks count: 108
------------------------------------------------
LOAD LUA FILE: E:/proj/QuickCocosPG/CCS_GUI/scripts/main.lua
------------------------------------------------
[0.4183] [INFO] 
[0.4188] [INFO] # DEBUG                        = 1
[0.4192] [INFO] #
[0.4196] [INFO] # device.platform              = windows
[0.4199] [INFO] # device.model                 = unknown
[0.4202] [INFO] # device.language              = cn
[0.4205] [INFO] # device.writablePath          = E:\proj\QuickCocosPG\CCS_GUI\
[0.4208] [INFO] # device.cachePath             = E:\proj\QuickCocosPG\CCS_GUI\
[0.4211] [INFO] # device.directorySeparator    = \
[0.4215] [INFO] # device.pathSeparator         = ;
[0.4218] [INFO] #
[0.4230] [INFO] # CONFIG_SCREEN_AUTOSCALE      = FIXED_HEIGHT
[0.4234] [INFO] # CONFIG_SCREEN_WIDTH          = 480.00
[0.4237] [INFO] # CONFIG_SCREEN_HEIGHT         = 320.00
[0.4240] [INFO] # display.widthInPixels        = 480.00
[0.4243] [INFO] # display.heightInPixels       = 320.00
[0.4247] [INFO] # display.contentScaleFactor   = 1.00
[0.4249] [INFO] # display.width                = 480.00
[0.4253] [INFO] # display.height               = 320.00
[0.4256] [INFO] # display.cx                   = 240.00
[0.4259] [INFO] # display.cy                   = 160.00
[0.4262] [INFO] # display.left                 = 0.00
[0.4265] [INFO] # display.right                = 480.00
[0.4268] [INFO] # display.top                  = 320.00
[0.4271] [INFO] # display.bottom               = 0.00
[0.4274] [INFO] # display.c_left               = -240.00
[0.4276] [INFO] # display.c_right              = 240.00
[0.4279] [INFO] # display.c_top                = 160.00
[0.4282] [INFO] # display.c_bottom             = -160.00
[0.4285] [INFO] #
[LUA ERROR] [string "E:/proj/QuickCocosPG/CCS_GUI/scripts/app/scenes/CommonGUI.lua"]:41: attempt to index field 'TouchGroup' (a nil value)
